Gazebo multi-robot simulator, version 9.0.0
Copyright (C) 2012 Open Source Robotics Foundation.
Released under the Apache 2 License.
http://gazebosim.org


(1689670706 978315305) [Msg] Waiting for master.
(1689670706 981135550) [Msg] Connected to gazebo master @ http://127.0.0.1:11345
(1689670706 981168329) [Msg] Publicized address: 160.85.111.198
(1689670708 367618559) Init world[vrc_task_1]
(1689670708 548524293) [Wrn] [gazebo_gps_plugin.cpp:78] [gazebo_gps_plugin]: iris_obs_avoid::gps0 using gps topic "gps0"
(1689670708 548596186) [Wrn] [gazebo_gps_plugin.cpp:203] [gazebo_gps_plugin] Using default update rate of 5hz 
(1689670708 552871315) [Wrn] [msgs.cc:1852] Conversion of sensor type[multicamera] not supported.
(1689670708 700829905) [Wrn] [Event.cc:61] Warning: Deleting a connection right after creation. Make sure to save the ConnectionPtr from a Connect call
(1689670708 758356880) applying Gaussian noise model with mean 0, stddev 0.007, bias -0
(1689670708 760283127) applying Gaussian noise model with mean 0, stddev 0.007, bias 0
(1689670708 895512241) [Msg] Connecting to PX4 SITL using TCP
(1689670708 895541285) [Msg] Lockstep is enabled
(1689670708 895558001) [Msg] Speed factor set to: 1
(1689670708 896603485) [Msg] Using MAVLink protocol v2.0
(1689670709 108121807) [Wrn] [msgs.cc:1852] Conversion of sensor type[multicamera] not supported.
(1689670709 110810047) [Wrn] [msgs.cc:1852] Conversion of sensor type[multicamera] not supported.
(1689670709 112752103) [Wrn] [msgs.cc:1852] Conversion of sensor type[multicamera] not supported.
(1689670709 233423520) [Msg] Loading heightmap: heightmap
(1689670709 233487910) [Msg] Loading heightmap cache data: /home/prasun/.gazebo/paging/heightmap/gazebo_terrain_00000000.dat
(1689670709 456792690) [Msg] Heightmap loaded. Process took: 0.223366 seconds
