10:58:27: Creating resource group General
10:58:27: Creating resource group Internal
10:58:27: Creating resource group Autodetect
10:58:27: SceneManagerFactory for type 'DefaultSceneManager' registered.
10:58:27: Registering ResourceManager for type Material
10:58:27: Registering ResourceManager for type Mesh
10:58:27: Registering ResourceManager for type Skeleton
10:58:27: MovableObjectFactory for type 'ParticleSystem' registered.
10:58:27: ArchiveFactory for archive type FileSystem registered.
10:58:27: ArchiveFactory for archive type Zip registered.
10:58:27: ArchiveFactory for archive type EmbeddedZip registered.
10:58:27: DDS codec registering
10:58:27: FreeImage version: 3.17.0
10:58:27: This program uses FreeImage, a free, open source image library supporting all common bitmap formats. See http://freeimage.sourceforge.net for details
10:58:27: Supported formats: bmp,ico,jpg,jif,jpeg,jpe,jng,koa,iff,lbm,mng,pbm,pbm,pcd,pcx,pgm,pgm,png,ppm,ppm,ras,tga,targa,tif,tiff,wap,wbmp,wbm,psd,cut,xbm,xpm,gif,hdr,g3,sgi,rgb,rgba,bw,exr,j2k,j2c,jp2,pfm,pct,pict,pic,3fr,arw,bay,bmq,cap,cine,cr2,crw,cs1,dc2,dcr,drf,dsc,dng,erf,fff,ia,iiq,k25,kc2,kdc,mdc,mef,mos,mrw,nef,nrw,orf,pef,ptx,pxn,qtk,raf,raw,rdc,rw2,rwl,rwz,sr2,srf,srw,sti,x3f,webp,jxr,wdp,hdp
10:58:27: PVRTC codec registering
10:58:27: ETC codec registering
10:58:27: Registering ResourceManager for type HighLevelGpuProgram
10:58:27: Registering ResourceManager for type Compositor
10:58:27: MovableObjectFactory for type 'Entity' registered.
10:58:27: MovableObjectFactory for type 'Light' registered.
10:58:27: MovableObjectFactory for type 'BillboardSet' registered.
10:58:27: MovableObjectFactory for type 'ManualObject' registered.
10:58:27: MovableObjectFactory for type 'BillboardChain' registered.
10:58:27: MovableObjectFactory for type 'RibbonTrail' registered.
10:58:27: *-*-* OGRE Initialising
10:58:27: *-*-* Version 1.9.0 (Ghadamon)
10:58:27: OverlayElementFactory for type Panel registered.
10:58:27: OverlayElementFactory for type BorderPanel registered.
10:58:27: OverlayElementFactory for type TextArea registered.
10:58:27: Registering ResourceManager for type Font
10:58:27: Loading library /usr/lib/x86_64-linux-gnu/OGRE-1.9.0/RenderSystem_GL.so
10:58:27: Installing plugin: GL RenderSystem
10:58:27: OpenGL Rendering Subsystem created.
10:58:27: Plugin successfully installed
10:58:27: Loading library /usr/lib/x86_64-linux-gnu/OGRE-1.9.0/Plugin_ParticleFX.so
10:58:27: Installing plugin: ParticleFX
10:58:27: Particle Emitter Type 'Point' registered
10:58:27: Particle Emitter Type 'Box' registered
10:58:27: Particle Emitter Type 'Ellipsoid' registered
10:58:27: Particle Emitter Type 'Cylinder' registered
10:58:27: Particle Emitter Type 'Ring' registered
10:58:27: Particle Emitter Type 'HollowEllipsoid' registered
10:58:27: Particle Affector Type 'LinearForce' registered
10:58:27: Particle Affector Type 'ColourFader' registered
10:58:27: Particle Affector Type 'ColourFader2' registered
10:58:27: Particle Affector Type 'ColourImage' registered
10:58:27: Particle Affector Type 'ColourInterpolator' registered
10:58:27: Particle Affector Type 'Scaler' registered
10:58:27: Particle Affector Type 'Rotator' registered
10:58:27: Particle Affector Type 'DirectionRandomiser' registered
10:58:27: Particle Affector Type 'DeflectorPlane' registered
10:58:27: Plugin successfully installed
10:58:27: Loading library /usr/lib/x86_64-linux-gnu/OGRE-1.9.0/Plugin_BSPSceneManager.so
10:58:27: Installing plugin: BSP Scene Manager
10:58:27: Plugin successfully installed
10:58:27: Loading library /usr/lib/x86_64-linux-gnu/OGRE-1.9.0/Plugin_OctreeSceneManager.so
10:58:27: Installing plugin: Octree Scene Manager
10:58:27: Plugin successfully installed
10:58:27: CPU Identifier & Features
10:58:27: -------------------------
10:58:27:  *   CPU ID: GenuineIntel: Intel(R) Core(TM) i7-8850H CPU @ 2.60GHz
10:58:27:  *      SSE: yes
10:58:27:  *     SSE2: yes
10:58:27:  *     SSE3: yes
10:58:27:  *      MMX: yes
10:58:27:  *   MMXEXT: yes
10:58:27:  *    3DNOW: no
10:58:27:  * 3DNOWEXT: no
10:58:27:  *     CMOV: yes
10:58:27:  *      TSC: yes
10:58:27:  *      FPU: yes
10:58:27:  *      PRO: yes
10:58:27:  *       HT: no
10:58:27: -------------------------
10:58:27: ******************************
*** Starting GLX Subsystem ***
******************************
10:58:27: Registering ResourceManager for type Texture
10:58:27: Added resource location '/usr/share/gazebo-9/' of type 'FileSystem' to resource group 'General'
10:58:27: Added resource location '/usr/share/gazebo-9/media' of type 'FileSystem' to resource group 'General'
10:58:27: Creating resource group SkyX
10:58:27: Added resource location '/usr/share/gazebo-9/media/skyx' of type 'FileSystem' to resource group 'SkyX'
10:58:27: Added resource location '/usr/share/gazebo-9/media/rtshaderlib150' of type 'FileSystem' to resource group 'General'
10:58:27: Added resource location '/usr/share/gazebo-9/media/rtshaderlib' of type 'FileSystem' to resource group 'General'
10:58:27: Added resource location '/usr/share/gazebo-9/media/materials/programs' of type 'FileSystem' to resource group 'General'
10:58:27: Added resource location '/usr/share/gazebo-9/media/materials/scripts' of type 'FileSystem' to resource group 'General'
10:58:27: Added resource location '/usr/share/gazebo-9/media/materials/textures' of type 'FileSystem' to resource group 'General'
10:58:27: Added resource location '/usr/share/gazebo-9/media/media/models' of type 'FileSystem' to resource group 'General'
10:58:27: Creating resource group Fonts
10:58:27: Added resource location '/usr/share/gazebo-9/media/fonts' of type 'FileSystem' to resource group 'Fonts'
10:58:27: Creating resource group LookNFeel
10:58:27: Added resource location '/usr/share/gazebo-9/media/gui/looknfeel' of type 'FileSystem' to resource group 'LookNFeel'
10:58:27: Creating resource group Schemes
10:58:27: Added resource location '/usr/share/gazebo-9/media/gui/schemes' of type 'FileSystem' to resource group 'Schemes'
10:58:27: Creating resource group Imagesets
10:58:27: Added resource location '/usr/share/gazebo-9/media/gui/imagesets' of type 'FileSystem' to resource group 'Imagesets'
10:58:27: Added resource location '/usr/share/gazebo-9/media/gui/fonts' of type 'FileSystem' to resource group 'Fonts'
10:58:27: Creating resource group Layouts
10:58:27: Added resource location '/usr/share/gazebo-9/media/gui/layouts' of type 'FileSystem' to resource group 'Layouts'
10:58:27: Creating resource group Animations
10:58:27: Added resource location '/usr/share/gazebo-9/media/gui/animations' of type 'FileSystem' to resource group 'Animations'
10:58:27: Added resource location '/opt/ros/melodic/share/gazebo_plugins/' of type 'FileSystem' to resource group 'General'
10:58:27: Added resource location '/opt/ros/melodic/share/gazebo_plugins/media' of type 'FileSystem' to resource group 'General'
10:58:27: Added resource location '/opt/ros/melodic/share/gazebo_plugins/media/skyx' of type 'FileSystem' to resource group 'SkyX'
10:58:27: Added resource location '/opt/ros/melodic/share/gazebo_plugins/media/rtshaderlib150' of type 'FileSystem' to resource group 'General'
10:58:27: Added resource location '/opt/ros/melodic/share/gazebo_plugins/media/rtshaderlib' of type 'FileSystem' to resource group 'General'
10:58:27: Added resource location '/opt/ros/melodic/share/gazebo_plugins/media/materials/programs' of type 'FileSystem' to resource group 'General'
10:58:27: Added resource location '/opt/ros/melodic/share/gazebo_plugins/media/materials/scripts' of type 'FileSystem' to resource group 'General'
10:58:27: Added resource location '/opt/ros/melodic/share/gazebo_plugins/media/materials/textures' of type 'FileSystem' to resource group 'General'
10:58:27: Added resource location '/opt/ros/melodic/share/gazebo_plugins/media/media/models' of type 'FileSystem' to resource group 'General'
10:58:27: Added resource location '/opt/ros/melodic/share/gazebo_plugins/media/fonts' of type 'FileSystem' to resource group 'Fonts'
10:58:27: Added resource location '/opt/ros/melodic/share/gazebo_plugins/media/gui/looknfeel' of type 'FileSystem' to resource group 'LookNFeel'
10:58:27: Added resource location '/opt/ros/melodic/share/gazebo_plugins/media/gui/schemes' of type 'FileSystem' to resource group 'Schemes'
10:58:27: Added resource location '/opt/ros/melodic/share/gazebo_plugins/media/gui/imagesets' of type 'FileSystem' to resource group 'Imagesets'
10:58:27: Added resource location '/opt/ros/melodic/share/gazebo_plugins/media/gui/fonts' of type 'FileSystem' to resource group 'Fonts'
10:58:27: Added resource location '/opt/ros/melodic/share/gazebo_plugins/media/gui/layouts' of type 'FileSystem' to resource group 'Layouts'
10:58:27: Added resource location '/opt/ros/melodic/share/gazebo_plugins/media/gui/animations' of type 'FileSystem' to resource group 'Animations'
10:58:27: GLRenderSystem::_createRenderWindow "OgreWindow(0)", 1x1 windowed  miscParams: FSAA=4 border=none contentScalingFactor=1.000000 macAPI=cocoa macAPICocoaUseNSView=true parentWindowHandle=106954753 stereoMode=Frame Sequential 
10:58:27: GLXWindow::create used FBConfigID = 318
10:58:27: GL_VERSION = 3.0 Mesa 20.0.8
10:58:27: GL_VENDOR = Intel Open Source Technology Center
10:58:27: GL_RENDERER = Mesa DRI Intel(R) UHD Graphics 630 (CFL GT2)
10:58:27: GL_EXTENSIONS = GL_ARB_multisample GL_EXT_abgr GL_EXT_bgra GL_EXT_blend_color GL_EXT_blend_minmax GL_EXT_blend_subtract GL_EXT_copy_texture GL_EXT_subtexture GL_EXT_texture_object GL_EXT_vertex_array GL_EXT_compiled_vertex_array GL_EXT_texture GL_EXT_texture3D GL_IBM_rasterpos_clip GL_ARB_point_parameters GL_EXT_draw_range_elements GL_EXT_packed_pixels GL_EXT_point_parameters GL_EXT_rescale_normal GL_EXT_separate_specular_color GL_EXT_texture_edge_clamp GL_SGIS_generate_mipmap GL_SGIS_texture_border_clamp GL_SGIS_texture_edge_clamp GL_SGIS_texture_lod GL_ARB_framebuffer_sRGB GL_ARB_multitexture GL_EXT_framebuffer_sRGB GL_IBM_multimode_draw_arrays GL_IBM_texture_mirrored_repeat GL_3DFX_texture_compression_FXT1 GL_ARB_texture_cube_map GL_ARB_texture_env_add GL_ARB_transpose_matrix GL_EXT_blend_func_separate GL_EXT_fog_coord GL_EXT_multi_draw_arrays GL_EXT_secondary_color GL_EXT_texture_env_add GL_EXT_texture_filter_anisotropic GL_EXT_texture_lod_bias GL_INGR_blend_func_separate GL_NV_blend_square GL_NV_light_max_exponent GL_NV_texgen_reflection GL_NV_texture_env_combine4 GL_S3_s3tc GL_SUN_multi_draw_arrays GL_ARB_texture_border_clamp GL_ARB_texture_compression GL_EXT_framebuffer_object GL_EXT_texture_compression_s3tc GL_EXT_texture_env_combine GL_EXT_texture_env_dot3 GL_MESA_window_pos GL_NV_packed_depth_stencil GL_NV_texture_rectangle GL_ARB_depth_texture GL_ARB_occlusion_query GL_ARB_shadow GL_ARB_texture_env_combine GL_ARB_texture_env_crossbar GL_ARB_texture_env_dot3 GL_ARB_texture_mirrored_repeat GL_ARB_window_pos GL_EXT_stencil_two_side GL_EXT_texture_cube_map GL_NV_depth_clamp GL_NV_fog_distance GL_APPLE_packed_pixels GL_ARB_draw_buffers GL_ARB_fragment_program GL_ARB_fragment_shader GL_ARB_shader_objects GL_ARB_vertex_program GL_ARB_vertex_shader GL_ATI_draw_buffers GL_ATI_texture_env_combine3 GL_ATI_texture_float GL_EXT_shadow_funcs GL_EXT_stencil_wrap GL_MESA_pack_invert GL_NV_primitive_restart GL_ARB_depth_clamp GL_ARB_fragment_program_shadow GL_ARB_half_float_pixel GL_ARB_occlusion_query2 GL_ARB_point_sprite GL_ARB_shading_language_100 GL_ARB_sync GL_ARB_texture_non_power_of_two GL_ARB_vertex_buffer_object GL_ATI_blend_equation_separate GL_EXT_blend_equation_separate GL_OES_read_format GL_ARB_color_buffer_float GL_ARB_pixel_buffer_object GL_ARB_texture_compression_rgtc GL_ARB_texture_float GL_ARB_texture_rectangle GL_EXT_packed_float GL_EXT_pixel_buffer_object GL_EXT_texture_compression_dxt1 GL_EXT_texture_compression_rgtc GL_EXT_texture_rectangle GL_EXT_texture_sRGB GL_EXT_texture_shared_exponent GL_ARB_framebuffer_object GL_EXT_framebuffer_blit GL_EXT_framebuffer_multisample GL_EXT_packed_depth_stencil GL_APPLE_object_purgeable GL_ARB_vertex_array_object GL_ATI_separate_stencil GL_EXT_draw_buffers2 GL_EXT_draw_instanced GL_EXT_gpu_program_parameters GL_EXT_gpu_shader4 GL_EXT_texture_array GL_EXT_texture_integer GL_EXT_texture_sRGB_decode GL_EXT_timer_query GL_OES_EGL_image GL_AMD_texture_texture4 GL_ARB_copy_buffer GL_ARB_depth_buffer_float GL_ARB_draw_instanced GL_ARB_half_float_vertex GL_ARB_instanced_arrays GL_ARB_map_buffer_range GL_ARB_texture_rg GL_ARB_texture_swizzle GL_ARB_vertex_array_bgra GL_EXT_texture_swizzle GL_EXT_vertex_array_bgra GL_NV_conditional_render GL_AMD_conservative_depth GL_AMD_depth_clamp_separate GL_AMD_draw_buffers_blend GL_AMD_seamless_cubemap_per_texture GL_AMD_shader_stencil_export GL_ARB_ES2_compatibility GL_ARB_blend_func_extended GL_ARB_debug_output GL_ARB_draw_buffers_blend GL_ARB_draw_elements_base_vertex GL_ARB_explicit_attrib_location GL_ARB_fragment_coord_conventions GL_ARB_provoking_vertex GL_ARB_sample_shading GL_ARB_sampler_objects GL_ARB_seamless_cube_map GL_ARB_shader_stencil_export GL_ARB_shader_texture_lod GL_ARB_texture_cube_map_array GL_ARB_texture_gather GL_ARB_texture_multisample GL_ARB_texture_query_lod GL_ARB_texture_rgb10_a2ui GL_ARB_uniform_buffer_object GL_ARB_vertex_type_2_10_10_10_rev GL_EXT_provoking_vertex GL_EXT_texture_snorm GL_MESA_texture_signed_rgba GL_NV_texture_barrier GL_ARB_draw_indirect GL_ARB_get_program_binary GL_ARB_robustness GL_ARB_separate_shader_objects GL_ARB_shader_bit_encoding GL_ARB_shader_precision GL_ARB_texture_compression_bptc GL_ARB_timer_query GL_ARB_transform_feedback2 GL_ARB_transform_feedback3 GL_EXT_direct_state_access GL_AMD_multi_draw_indirect GL_ANGLE_texture_compression_dxt3 GL_ANGLE_texture_compression_dxt5 GL_ARB_compressed_texture_pixel_storage GL_ARB_conservative_depth GL_ARB_internalformat_query GL_ARB_map_buffer_alignment GL_ARB_shader_atomic_counters GL_ARB_shader_image_load_store GL_ARB_shading_language_420pack GL_ARB_shading_language_packing GL_ARB_texture_storage GL_ARB_transform_feedback_instanced GL_EXT_framebuffer_multisample_blit_scaled GL_EXT_transform_feedback GL_AMD_query_buffer_object GL_AMD_shader_trinary_minmax GL_ARB_ES3_compatibility GL_ARB_arrays_of_arrays GL_ARB_clear_buffer_object GL_ARB_compute_shader GL_ARB_copy_image GL_ARB_explicit_uniform_location GL_ARB_fragment_layer_viewport GL_ARB_framebuffer_no_attachments GL_ARB_invalidate_subdata GL_ARB_multi_draw_indirect GL_ARB_program_interface_query GL_ARB_robust_buffer_access_behavior GL_ARB_shader_image_size GL_ARB_shader_storage_buffer_object GL_ARB_stencil_texturing GL_ARB_texture_query_levels GL_ARB_texture_storage_multisample GL_ARB_texture_view GL_ARB_vertex_attrib_binding GL_KHR_debug GL_KHR_robustness GL_KHR_texture_compression_astc_ldr GL_ARB_buffer_storage GL_ARB_clear_texture GL_ARB_indirect_parameters GL_ARB_internalformat_query2 GL_ARB_multi_bind GL_ARB_query_buffer_object GL_ARB_seamless_cubemap_per_texture GL_ARB_shader_draw_parameters GL_ARB_shader_group_vote GL_ARB_shading_language_include GL_ARB_texture_mirror_clamp_to_edge GL_ARB_texture_stencil8 GL_ARB_vertex_type_10f_11f_11f_rev GL_EXT_shader_framebuffer_fetch GL_EXT_shader_integer_mix GL_INTEL_performance_query GL_ARB_ES3_1_compatibility GL_ARB_clip_control GL_ARB_conditional_render_inverted GL_ARB_cull_distance GL_ARB_derivative_control GL_ARB_get_texture_sub_image GL_ARB_pipeline_statistics_query GL_ARB_shader_texture_image_samples GL_ARB_texture_barrier GL_ARB_transform_feedback_overflow_query GL_EXT_polygon_offset_clamp GL_KHR_blend_equation_advanced GL_KHR_blend_equation_advanced_coherent GL_KHR_context_flush_control GL_KHR_robust_buffer_access_behavior GL_ARB_fragment_shader_interlock GL_ARB_parallel_shader_compile GL_ARB_post_depth_coverage GL_ARB_shader_atomic_counter_ops GL_ARB_shader_ballot GL_ARB_shader_clock GL_EXT_shader_samples_identical GL_KHR_no_error GL_KHR_texture_compression_astc_sliced_3d GL_NV_fragment_shader_interlock GL_ARB_gl_spirv GL_ARB_spirv_extensions GL_MESA_shader_integer_functions GL_ARB_polygon_offset_clamp GL_ARB_texture_filter_anisotropic GL_KHR_parallel_shader_compile GL_EXT_EGL_image_storage GL_EXT_shader_framebuffer_fetch_non_coherent GL_EXT_texture_sRGB_R8 GL_EXT_texture_shadow_lod GL_INTEL_shader_atomic_float_minmax GL_INTEL_shader_integer_functions2 GL_NV_compute_shader_derivatives GL_EXT_EGL_sync GL_EXT_demote_to_helper_invocation 
10:58:27: Supported GLX extensions: GLX_ARB_create_context GLX_ARB_create_context_no_error GLX_ARB_create_context_profile GLX_ARB_create_context_robustness GLX_ARB_fbconfig_float GLX_ARB_framebuffer_sRGB GLX_ARB_get_proc_address GLX_ARB_multisample GLX_EXT_buffer_age GLX_EXT_create_context_es2_profile GLX_EXT_create_context_es_profile GLX_EXT_fbconfig_packed_float GLX_EXT_framebuffer_sRGB GLX_EXT_import_context GLX_EXT_texture_from_pixmap GLX_EXT_visual_info GLX_EXT_visual_rating GLX_INTEL_swap_event GLX_MESA_copy_sub_buffer GLX_MESA_query_renderer GLX_MESA_swap_control GLX_OML_swap_method GLX_OML_sync_control GLX_SGIS_multisample GLX_SGIX_fbconfig GLX_SGIX_pbuffer GLX_SGIX_visual_select_group GLX_SGI_make_current_read GLX_SGI_swap_control GLX_SGI_video_sync 
10:58:27: ***************************
10:58:27: *** GL Renderer Started ***
10:58:27: ***************************
10:58:27: Registering ResourceManager for type GpuProgram
10:58:27: GLSL support detected
10:58:27: GL: Using GL_EXT_framebuffer_object for rendering to textures (best)
10:58:27: FBO PF_UNKNOWN depth/stencil support: D0S1 D0S4 D0S8 D0S16 D16S0 D16S1 D16S4 D16S8 D16S16 D24S0 D24S1 D24S4 D24S8 D24S16 D32S0 D32S1 D32S4 D32S8 D32S16 Packed-D24S8 
10:58:27: FBO PF_L8 depth/stencil support: D0S0 D0S1 D0S4 D0S8 D0S16 D16S0 D16S1 D16S4 D16S8 D16S16 D24S0 D24S1 D24S4 D24S8 D24S16 D32S0 D32S1 D32S4 D32S8 D32S16 Packed-D24S8 
10:58:27: FBO PF_L16 depth/stencil support: D0S0 D0S1 D0S4 D0S8 D0S16 D16S0 D16S1 D16S4 D16S8 D16S16 D24S0 D24S1 D24S4 D24S8 D24S16 D32S0 D32S1 D32S4 D32S8 D32S16 Packed-D24S8 
10:58:27: FBO PF_A8 depth/stencil support: D0S0 D0S1 D0S4 D0S8 D0S16 D16S0 D16S1 D16S4 D16S8 D16S16 D24S0 D24S1 D24S4 D24S8 D24S16 D32S0 D32S1 D32S4 D32S8 D32S16 Packed-D24S8 
10:58:27: FBO PF_R5G6B5 depth/stencil support: D0S0 D0S1 D0S4 D0S8 D0S16 D16S0 D16S1 D16S4 D16S8 D16S16 D24S0 D24S1 D24S4 D24S8 D24S16 D32S0 D32S1 D32S4 D32S8 D32S16 Packed-D24S8 
10:58:27: FBO PF_B5G6R5 depth/stencil support: D0S0 D0S1 D0S4 D0S8 D0S16 D16S0 D16S1 D16S4 D16S8 D16S16 D24S0 D24S1 D24S4 D24S8 D24S16 D32S0 D32S1 D32S4 D32S8 D32S16 Packed-D24S8 
10:58:27: FBO PF_A4R4G4B4 depth/stencil support: D0S0 D0S1 D0S4 D0S8 D0S16 D16S0 D16S1 D16S4 D16S8 D16S16 D24S0 D24S1 D24S4 D24S8 D24S16 D32S0 D32S1 D32S4 D32S8 D32S16 Packed-D24S8 
10:58:27: FBO PF_A1R5G5B5 depth/stencil support: D0S0 D0S1 D0S4 D0S8 D0S16 D16S0 D16S1 D16S4 D16S8 D16S16 D24S0 D24S1 D24S4 D24S8 D24S16 D32S0 D32S1 D32S4 D32S8 D32S16 Packed-D24S8 
10:58:27: FBO PF_R8G8B8 depth/stencil support: D0S0 D0S1 D0S4 D0S8 D0S16 D16S0 D16S1 D16S4 D16S8 D16S16 D24S0 D24S1 D24S4 D24S8 D24S16 D32S0 D32S1 D32S4 D32S8 D32S16 Packed-D24S8 
10:58:27: FBO PF_B8G8R8 depth/stencil support: D0S0 D0S1 D0S4 D0S8 D0S16 D16S0 D16S1 D16S4 D16S8 D16S16 D24S0 D24S1 D24S4 D24S8 D24S16 D32S0 D32S1 D32S4 D32S8 D32S16 Packed-D24S8 
10:58:27: FBO PF_A8R8G8B8 depth/stencil support: D0S0 D0S1 D0S4 D0S8 D0S16 D16S0 D16S1 D16S4 D16S8 D16S16 D24S0 D24S1 D24S4 D24S8 D24S16 D32S0 D32S1 D32S4 D32S8 D32S16 Packed-D24S8 
10:58:27: FBO PF_B8G8R8A8 depth/stencil support: D0S0 D0S1 D0S4 D0S8 D0S16 D16S0 D16S1 D16S4 D16S8 D16S16 D24S0 D24S1 D24S4 D24S8 D24S16 D32S0 D32S1 D32S4 D32S8 D32S16 Packed-D24S8 
10:58:27: FBO PF_A2R10G10B10 depth/stencil support: D0S0 D0S1 D0S4 D0S8 D0S16 D16S0 D16S1 D16S4 D16S8 D16S16 D24S0 D24S1 D24S4 D24S8 D24S16 D32S0 D32S1 D32S4 D32S8 D32S16 Packed-D24S8 
10:58:27: FBO PF_A2B10G10R10 depth/stencil support: D0S0 D0S1 D0S4 D0S8 D0S16 D16S0 D16S1 D16S4 D16S8 D16S16 D24S0 D24S1 D24S4 D24S8 D24S16 D32S0 D32S1 D32S4 D32S8 D32S16 Packed-D24S8 
10:58:27: FBO PF_FLOAT16_RGB depth/stencil support: D0S0 D0S1 D0S4 D0S8 D0S16 D16S0 D16S1 D16S4 D16S8 D16S16 D24S0 D24S1 D24S4 D24S8 D24S16 D32S0 D32S1 D32S4 D32S8 D32S16 Packed-D24S8 
10:58:27: FBO PF_FLOAT16_RGBA depth/stencil support: D0S0 D0S1 D0S4 D0S8 D0S16 D16S0 D16S1 D16S4 D16S8 D16S16 D24S0 D24S1 D24S4 D24S8 D24S16 D32S0 D32S1 D32S4 D32S8 D32S16 Packed-D24S8 
10:58:27: FBO PF_FLOAT32_RGBA depth/stencil support: D0S0 D0S1 D0S4 D0S8 D0S16 D16S0 D16S1 D16S4 D16S8 D16S16 D24S0 D24S1 D24S4 D24S8 D24S16 D32S0 D32S1 D32S4 D32S8 D32S16 Packed-D24S8 
10:58:27: FBO PF_X8R8G8B8 depth/stencil support: D0S0 D0S1 D0S4 D0S8 D0S16 D16S0 D16S1 D16S4 D16S8 D16S16 D24S0 D24S1 D24S4 D24S8 D24S16 D32S0 D32S1 D32S4 D32S8 D32S16 Packed-D24S8 
10:58:27: FBO PF_X8B8G8R8 depth/stencil support: D0S0 D0S1 D0S4 D0S8 D0S16 D16S0 D16S1 D16S4 D16S8 D16S16 D24S0 D24S1 D24S4 D24S8 D24S16 D32S0 D32S1 D32S4 D32S8 D32S16 Packed-D24S8 
10:58:27: FBO PF_SHORT_RGBA depth/stencil support: D0S0 D0S1 D0S4 D0S8 D0S16 D16S0 D16S1 D16S4 D16S8 D16S16 D24S0 D24S1 D24S4 D24S8 D24S16 D32S0 D32S1 D32S4 D32S8 D32S16 Packed-D24S8 
10:58:27: FBO PF_R3G3B2 depth/stencil support: D0S0 D0S1 D0S4 D0S8 D0S16 D16S0 D16S1 D16S4 D16S8 D16S16 D24S0 D24S1 D24S4 D24S8 D24S16 D32S0 D32S1 D32S4 D32S8 D32S16 Packed-D24S8 
10:58:27: FBO PF_FLOAT16_R depth/stencil support: D0S0 D0S1 D0S4 D0S8 D0S16 D16S0 D16S1 D16S4 D16S8 D16S16 D24S0 D24S1 D24S4 D24S8 D24S16 D32S0 D32S1 D32S4 D32S8 D32S16 Packed-D24S8 
10:58:27: FBO PF_FLOAT32_R depth/stencil support: D0S0 D0S1 D0S4 D0S8 D0S16 D16S0 D16S1 D16S4 D16S8 D16S16 D24S0 D24S1 D24S4 D24S8 D24S16 D32S0 D32S1 D32S4 D32S8 D32S16 Packed-D24S8 
10:58:27: FBO PF_SHORT_RGB depth/stencil support: D0S0 D0S1 D0S4 D0S8 D0S16 D16S0 D16S1 D16S4 D16S8 D16S16 D24S0 D24S1 D24S4 D24S8 D24S16 D32S0 D32S1 D32S4 D32S8 D32S16 Packed-D24S8 
10:58:27: [GL] : Valid FBO targets PF_UNKNOWN PF_L8 PF_L16 PF_A8 PF_R5G6B5 PF_B5G6R5 PF_A4R4G4B4 PF_A1R5G5B5 PF_R8G8B8 PF_B8G8R8 PF_A8R8G8B8 PF_B8G8R8A8 PF_A2R10G10B10 PF_A2B10G10R10 PF_FLOAT16_RGB PF_FLOAT16_RGBA PF_FLOAT32_RGBA PF_X8R8G8B8 PF_X8B8G8R8 PF_SHORT_RGBA PF_R3G3B2 PF_FLOAT16_R PF_FLOAT32_R PF_SHORT_RGB 
10:58:27: RenderSystem capabilities
10:58:27: -------------------------
10:58:27: RenderSystem Name: OpenGL Rendering Subsystem
10:58:27: GPU Vendor: intel
10:58:27: Device Name: Mesa DRI Intel(R) UHD Graphics 630 (CFL GT2)
10:58:27: Driver Version: 3.0.0.0
10:58:27:  * Fixed function pipeline: yes
10:58:27:  * Hardware generation of mipmaps: no
10:58:27:  * Texture blending: yes
10:58:27:  * Anisotropic texture filtering: yes
10:58:27:  * Dot product texture operation: yes
10:58:27:  * Cube mapping: yes
10:58:27:  * Hardware stencil buffer: yes
10:58:27:    - Stencil depth: 8
10:58:27:    - Two sided stencil support: yes
10:58:27:    - Wrap stencil values: yes
10:58:27:  * Hardware vertex / index buffers: yes
10:58:27:  * Vertex programs: yes
10:58:27:  * Number of floating-point constants for vertex programs: 4096
10:58:27:  * Number of integer constants for vertex programs: 0
10:58:27:  * Number of boolean constants for vertex programs: 0
10:58:27:  * Fragment programs: yes
10:58:27:  * Number of floating-point constants for fragment programs: 4096
10:58:27:  * Number of integer constants for fragment programs: 0
10:58:27:  * Number of boolean constants for fragment programs: 0
10:58:27:  * Geometry programs: no
10:58:27:  * Number of floating-point constants for geometry programs: 0
10:58:27:  * Number of integer constants for geometry programs: 0
10:58:27:  * Number of boolean constants for geometry programs: 0
10:58:27:  * Tesselation Hull programs: no
10:58:27:  * Number of floating-point constants for tesselation hull programs: 0
10:58:27:  * Number of integer constants for tesselation hull programs: 0
10:58:27:  * Number of boolean constants for tesselation hull programs: 0
10:58:27:  * Tesselation Domain programs: no
10:58:27:  * Number of floating-point constants for tesselation domain programs: 0
10:58:27:  * Number of integer constants for tesselation domain programs: 0
10:58:27:  * Number of boolean constants for tesselation domain programs: 0
10:58:27:  * Compute programs: no
10:58:27:  * Number of floating-point constants for compute programs: 0
10:58:27:  * Number of integer constants for compute programs: 0
10:58:27:  * Number of boolean constants for compute programs: 0
10:58:27:  * Supported Shader Profiles: arbfp1 arbvp1 glsl
10:58:27:  * Texture Compression: yes
10:58:27:    - DXT: yes
10:58:27:    - VTC: no
10:58:27:    - PVRTC: no
10:58:27:    - ATC: no
10:58:27:    - ETC1: no
10:58:27:    - ETC2: no
10:58:27:    - BC4/BC5: no
10:58:27:    - BC6H/BC7: no
10:58:27:  * Scissor Rectangle: yes
10:58:27:  * Hardware Occlusion Query: yes
10:58:27:  * User clip planes: yes
10:58:27:  * VET_UBYTE4 vertex element type: yes
10:58:27:  * Infinite far plane projection: yes
10:58:27:  * Hardware render-to-texture: yes
10:58:27:  * Floating point textures: yes
10:58:27:  * Non-power-of-two textures: yes
10:58:27:  * 1d textures: yes
10:58:27:  * Volume textures: yes
10:58:27:  * Multiple Render Targets: 8
10:58:27:    - With different bit depths: yes
10:58:27:  * Point Sprites: yes
10:58:27:  * Extended point parameters: yes
10:58:27:  * Max Point Size: 255
10:58:27:  * Vertex texture fetch: yes
10:58:27:  * Number of world matrices: 0
10:58:27:  * Number of texture units: 16
10:58:27:  * Stencil buffer depth: 8
10:58:27:  * Number of vertex blend matrices: 0
10:58:27:    - Max vertex textures: 32
10:58:27:    - Vertex textures shared: yes
10:58:27:  * Render to Vertex Buffer : no
10:58:27:  * Hardware Atomic Counters: no
10:58:27:  * GL 1.5 without VBO workaround: no
10:58:27:  * Frame Buffer objects: yes
10:58:27:  * Frame Buffer objects (ARB extension): no
10:58:27:  * Frame Buffer objects (ATI extension): no
10:58:27:  * PBuffer support: yes
10:58:27:  * GL 1.5 without HW-occlusion workaround: no
10:58:27:  * Vertex Array Objects: no
10:58:27:  * Separate shader objects: no
10:58:27: Using FSAA from GL_ARB_multisample extension.
10:58:27: DefaultWorkQueue('Root') initialising on thread 7fe0e6b06a00.
10:58:27: DefaultWorkQueue('Root')::WorkerFunc - thread 7fe01ef3a700 starting.
10:58:27: DefaultWorkQueue('Root')::WorkerFunc - thread 7fe01df38700 starting.
10:58:27: DefaultWorkQueue('Root')::WorkerFunc - thread 7fe01d737700 starting.
10:58:27: DefaultWorkQueue('Root')::WorkerFunc - thread 7fe0177fe700 starting.
10:58:27: DefaultWorkQueue('Root')::WorkerFunc - thread 7fe016ffd700 starting.
10:58:27: DefaultWorkQueue('Root')::WorkerFunc - thread 7fe0167fc700 starting.
10:58:27: DefaultWorkQueue('Root')::WorkerFunc - thread 7fe015ffb700 starting.
10:58:27: DefaultWorkQueue('Root')::WorkerFunc - thread 7fe014ff9700 starting.
10:58:27: Particle Renderer Type 'billboard' registered
10:58:27: SceneManagerFactory for type 'BspSceneManager' registered.
10:58:27: Registering ResourceManager for type BspLevel
10:58:27: SceneManagerFactory for type 'OctreeSceneManager' registered.
10:58:27: Parsing scripts for resource group Animations
10:58:27: Finished parsing scripts for resource group Animations
10:58:27: Creating resources for group Animations
10:58:27: All done
10:58:27: Parsing scripts for resource group Autodetect
10:58:27: Finished parsing scripts for resource group Autodetect
10:58:27: Creating resources for group Autodetect
10:58:27: All done
10:58:27: Parsing scripts for resource group Fonts
10:58:27: Parsing script Gazebo.fontdef
10:58:27: Finished parsing scripts for resource group Fonts
10:58:27: Creating resources for group Fonts
10:58:27: All done
10:58:27: Parsing scripts for resource group General
10:58:27: DefaultWorkQueue('Root')::WorkerFunc - thread 7fe017fff700 starting.
10:58:27: DefaultWorkQueue('Root')::WorkerFunc - thread 7fe01cf36700 starting.
10:58:27: DefaultWorkQueue('Root')::WorkerFunc - thread 7fe01e739700 starting.
10:58:27: DefaultWorkQueue('Root')::WorkerFunc - thread 7fe0157fa700 starting.
10:58:27: Parsing script VPL.program
10:58:27: Parsing script deferred_post.program
10:58:27: Parsing script shadow_caster.program
10:58:27: Parsing script ShadowCaster.program
10:58:27: Parsing script perpixel.program
10:58:27: Parsing script VPL.material
10:58:27: Parsing script grid.material
10:58:27: Parsing script picker.material
10:58:27: Parsing script ShadowCaster.material
10:58:27: Parsing script ssao.material
10:58:27: Parsing script deferred_post_minilight.material
10:58:27: Parsing script deferred_post.material
10:58:27: Parsing script gazebo.material
10:58:27: Parsing script oculus.material
10:58:27: Parsing script blur.material
10:58:27: Parsing script kitchen.material
10:58:27: Parsing script noise.compositor
10:58:27: Parsing script deferred.compositor
10:58:27: Parsing script WideCameraLensMap.compositor
10:58:27: Parsing script lens_flare.compositor
10:58:27: Parsing script blur.compositor
10:58:27: Parsing script distortion.compositor
10:58:27: Parsing script ssao.compositor
10:58:27: Finished parsing scripts for resource group General
10:58:27: Creating resources for group General
10:58:27: All done
10:58:27: Parsing scripts for resource group Imagesets
10:58:27: Finished parsing scripts for resource group Imagesets
10:58:27: Creating resources for group Imagesets
10:58:27: All done
10:58:27: Parsing scripts for resource group Internal
10:58:27: Finished parsing scripts for resource group Internal
10:58:27: Creating resources for group Internal
10:58:27: All done
10:58:27: Parsing scripts for resource group Layouts
10:58:27: Finished parsing scripts for resource group Layouts
10:58:27: Creating resources for group Layouts
10:58:27: All done
10:58:27: Parsing scripts for resource group LookNFeel
10:58:27: Finished parsing scripts for resource group LookNFeel
10:58:27: Creating resources for group LookNFeel
10:58:27: All done
10:58:27: Parsing scripts for resource group Schemes
10:58:27: Finished parsing scripts for resource group Schemes
10:58:27: Creating resources for group Schemes
10:58:27: All done
10:58:27: Parsing scripts for resource group SkyX
10:58:27: Parsing script SkyX.material
10:58:27: Finished parsing scripts for resource group SkyX
10:58:27: Creating resources for group SkyX
10:58:27: All done
10:58:27: Added resource location '/usr/share/gazebo-9/media/rtshaderlib/' of type 'FileSystem' to resource group 'General'
10:58:27: Creating resource group ShaderGeneratorResourceGroup
10:58:27: Added resource location '/tmp/gazebo-prasun-rtshaderlibcache/' of type 'FileSystem' to resource group 'ShaderGeneratorResourceGroup'
10:58:28: Texture: SkyX_Starfield.png: Loading 1 faces(PF_A8R8G8B8,512x512x1) with 5 generated mipmaps from Image. Internal format is PF_A8R8G8B8,512x512x1.
10:58:28: Texture: SkyX_Moon.png: Loading 1 faces(PF_A8R8G8B8,512x512x1) with 5 generated mipmaps from Image. Internal format is PF_A8R8G8B8,512x512x1.
10:58:28: Texture: SkyX_MoonHalo.png: Loading 1 faces(PF_SHORT_RGBA,512x256x1) with 5 generated mipmaps from Image. Internal format is PF_SHORT_RGBA,512x256x1.
10:58:28: Texture: Noise.jpg: Loading 1 faces(PF_R8G8B8,1024x1024x1) with 5 generated mipmaps from Image. Internal format is PF_X8R8G8B8,1024x1024x1.
10:58:28: GLRenderSystem::_createRenderWindow "OgreWindow(1)", 1737x800 windowed  miscParams: FSAA=4 contentScalingFactor=1.000000 macAPI=cocoa macAPICocoaUseNSView=true parentWindowHandle=115343413 stereoMode=Frame Sequential 
10:58:29: GLXWindow::create used FBConfigID = 318
10:58:29: Added resource location '/home/prasun/PX4-Autopilot/Tools/sitl_gazebo/models/depth_camera/meshes' of type 'FileSystem' to resource group 'General' with re10:58:29: Texture: spot_shadow_fade.png: Loading 1 faces(PF_R10:58:29: Added resource location '/home/prasun/PX4-Autopilot/Tools/sitl_gazebo/models/iris/mesh10:58:29: Added resource location '/home/prasun/.gazebo/models/oak_tree/meshes' of type 'FileSystem' to resource group 'G10:58:29: Added resource location '/home/prasun/Aerialist/aerialist/resources/simulation/models/big_box/meshes' of type 'FileSystem' to resource group 'General' with recursive option
10:58:29: Initialising resource group General
10:58:29: Added resource location '/home/prasun/Aerialist/aerialist/resources/simulation/models/big_box/meshes/../materials/textures' of type 'FileSystem' to resource group 'General' with recursive option
10:58:29: Initialising resource group General
10:58:29: Texture: /home/prasun/Aerialist/aerialist/resources/simulation/models/big_box/meshes/../materials/textures/chequered.png: Loading 1 faces(PF_A8R8G8B8,2000x2000x1) with 5 generated mipmaps from Image. Internal format is PF_A8R8G8B8,2000x2000x1.
10:58:29: Added resource location '/home/prasun/.gazebo/models/oak_tree/meshes' of type 'FileSystem' to resource group 'General' with recursive option
10:58:29: Initialising resource group General
10:58:29: Added resource location '/home/prasun/.gazebo/models/oak_tree/materials/scripts/' of type 'FileSystem' to resource group 'General' with recursive option
10:58:29: Initialising resource group General
10:58:29: Added resource location '/home/prasun/.gazebo/models/oak_tree/materials/textures/' of type 'FileSystem' to resource group 'General' with recursive option
10:58:29: Initialising resource group General
10:58:29: Texture: bark_diffuse.png: Loading 1 faces(PF_R8G8B8,256x256x1) with 5 generated mipmaps from Image. Internal format is PF_X8R8G8B8,256x256x1.
10:58:29: Added resource location '/home/prasun/.gazebo/models/pine_tree/meshes' of type 'FileSystem' to resource group 'General' with recursive option
10:58:29: Initialising resource group General
10:58:29: Added resource location '/home/prasun/.gazebo/models/pine_tree/materials/scripts/' of type 'FileSystem' to resource group 'General' with recursive option
10:58:29: Initialising resource group General
10:58:29: Added resource location '/home/prasun/.gazebo/models/pine_tree/materials/textures/' of type 'FileSystem' to resource group 'General' with recursive option
10:58:29: Initialising resource group General
10:58:29: Texture: branch_diffuse.png: Loading 1 faces(PF_A8R8G8B8,128x128x1) with 5 generated mipmaps from Image. Internal format is PF_A8R8G8B8,128x128x1.
10:58:29: Texture: branch_2_diffuse.png: Loading 1 faces(PF_A8R8G8B8,512x512x1) with 5 generated mipmaps from Image. Internal format is PF_A8R8G8B8,512x512x1.
10:58:29: Added resource location '/home/prasun/.gazebo/paging' of type 'FileSystem' to resource group 'General' with recursive option
10:58:29: Initialising resource group General
10:58:29: Terrain created; size=257 minBatch=17 maxBatch=65 treeDepth=3 lodLevels=5 leafLods=3
10:58:29: Texture: /usr/share/gazebo-9/media/materials/textures/dirt_diffusespecular.png: Loading 1 faces(PF_A8R8G8B8,1024x1024x1) with 5 generated mipmaps from Image. Internal format is PF_A8R8G8B8,1024x1024x1.
10:58:29: Texture: /usr/share/gazebo-9/media/materials/textures/flat_normal.png: Loading 1 faces(PF_A8R8G8B8,1024x1024x1) with 5 generated mipmaps from Image. Internal format is PF_A8R8G8B8,1024x1024x1.
10:58:29: Texture: /usr/share/gazebo-9/media/materials/textures/grass_diffusespecular.png: Loading 1 faces(PF_A8R8G8B8,1024x1024x1) with 5 generated mipmaps from Image. Internal format is PF_A8R8G8B8,1024x1024x1.
10:58:29: Texture: /usr/share/gazebo-9/media/materials/textures/fungus_diffusespecular.png: Loading 1 faces(PF_A8R8G8B8,1024x1024x1) with 5 generated mipmaps from Image. Internal format is PF_A8R8G8B8,1024x1024x1.
10:58:29: Added resource location '/home/prasun/.gazebo/models/vrc_driving_terrain/materials/scripts' of type 'FileSystem' to resource group 'General' with recursive option
10:58:29: Initialising resource group General
10:58:29: Compiler error: invalid parameters in /home/prasun/.gazebo/models/vrc_driving_terrain/materials/scripts/grass.material(16): anistropic not supported as first argument (must be "none", "bilinear", "trilinear", or "anisotropic")
10:58:29: Added resource location '/home/prasun/.gazebo/models/vrc_driving_terrain/materials/textures' of type 'FileSystem' to resource group 'General' with recursive option
10:58:29: Initialising resource group General
10:58:29: Texture: grass_dry.png: Loading 1 faces(PF_R8G8B8,512x512x1) with 5 generated mipmaps from Image. Internal format is PF_X8R8G8B8,512x512x1.
10:58:29: [SkyX] VClouds warning: unregistered camera registered, manual unregistering is needed before camera destruction
10:58:29: Texture: spot_shadow_fade.png: Loading 1 faces(PF_R8G8B8,128x128x1) with 5 generated mipmaps from Image. Internal format is PF_X8R8G8B8,128x128x1.
10:58:29: Using FSAA from GL_ARB_multisample extension.
11:00:48: Unregistering ResourceManager for type Font
11:00:48: DefaultWorkQueue('Root') shutting down on thread 7fe0e6b06a00.
11:00:48: DefaultWorkQueue('Root')::WorkerFunc - thread 7fe017fff700 stopped.
11:00:48: DefaultWorkQueue('Root')::WorkerFunc - thread 7fe01cf36700 stopped.
11:00:48: DefaultWorkQueue('Root')::WorkerFunc - thread 7fe01d737700 stopped.
11:00:48: DefaultWorkQueue('Root')::WorkerFunc - thread 7fe016ffd700 stopped.
11:00:48: DefaultWorkQueue('Root')::WorkerFunc - thread 7fe0167fc700 stopped.
11:00:48: DefaultWorkQueue('Root')::WorkerFunc - thread 7fe014ff9700 stopped.
11:00:48: DefaultWorkQueue('Root')::WorkerFunc - thread 7fe01e739700 stopped.
11:00:48: DefaultWorkQueue('Root')::WorkerFunc - thread 7fe0177fe700 stopped.
11:00:48: DefaultWorkQueue('Root')::WorkerFunc - thread 7fe01df38700 stopped.
11:00:48: DefaultWorkQueue('Root')::WorkerFunc - thread 7fe015ffb700 stopped.
11:00:48: DefaultWorkQueue('Root')::WorkerFunc - thread 7fe0157fa700 stopped.
11:00:48: DefaultWorkQueue('Root')::WorkerFunc - thread 7fe01ef3a700 stopped.
11:00:48: Unregistering ResourceManager for type BspLevel
11:00:48: *-*-* OGRE Shutdown
11:00:48: Unregistering ResourceManager for type Compositor
11:00:48: Unregistering ResourceManager for type Skeleton
11:00:48: Unregistering ResourceManager for type Mesh
11:00:48: Unregistering ResourceManager for type HighLevelGpuProgram
11:00:48: Uninstalling plugin: Octree Scene Manager
11:00:48: Plugin successfully uninstalled
11:00:48: Unloading library /usr/lib/x86_64-linux-gnu/OGRE-1.9.0/Plugin_OctreeSceneManager.so
11:00:48: Uninstalling plugin: BSP Scene Manager
11:00:48: Plugin successfully uninstalled
11:00:48: Unloading library /usr/lib/x86_64-linux-gnu/OGRE-1.9.0/Plugin_BSPSceneManager.so
11:00:48: Uninstalling plugin: ParticleFX
11:00:48: Plugin successfully uninstalled
11:00:48: Unloading library /usr/lib/x86_64-linux-gnu/OGRE-1.9.0/Plugin_ParticleFX.so
11:00:48: Uninstalling plugin: GL RenderSystem
11:00:48: Unregistering ResourceManager for type GpuProgram
11:00:48: ******************************
*** Stopping GLX Subsystem ***
******************************
11:00:48: Unregistering ResourceManager for type Texture
11:00:48: Plugin successfully uninstalled
11:00:48: Unloading library /usr/lib/x86_64-linux-gnu/OGRE-1.9.0/RenderSystem_GL.so
11:00:48: Unregistering ResourceManager for type Material
